INFO  | 2022-06-30 12:19:55 | [main] service.ProductServiceImpl (ProductServiceImpl.java:47) - time taken by getall method is:1001 ms
WARN  | 2022-06-30 12:38:47 | [main] support.AbstractApplicationContext (AbstractApplicationContext.java:559) - Exception encountered during context initialization - cancelling refresh attempt: org.springframework.beans.factory.BeanCreationException: Error creating bean with name 'productDaoMapImpl' defined in file [/home/raj/Documents/spring_stuff/core/04_productapp/target/classes/com/productapp/dao/ProductDaoMapImpl.class]: BeanPostProcessor before instantiation of bean failed; nested exception is java.lang.NoClassDefFoundError: org/aspectj/weaver/tools/PointcutDesignatorHandler
WARN  | 2022-06-30 12:40:33 | [main] support.AbstractApplicationContext (AbstractApplicationContext.java:559) - Exception encountered during context initialization - cancelling refresh attempt: org.springframework.beans.factory.BeanCreationException: Error creating bean with name 'productDaoMapImpl' defined in file [/home/raj/Documents/spring_stuff/core/04_productapp/target/classes/com/productapp/dao/ProductDaoMapImpl.class]: BeanPostProcessor before instantiation of bean failed; nested exception is java.lang.NoClassDefFoundError: org/aspectj/weaver/tools/PointcutDesignatorHandler
WARN  | 2022-06-30 12:42:13 | [main] support.AbstractApplicationContext (AbstractApplicationContext.java:559) - Exception encountered during context initialization - cancelling refresh attempt: org.springframework.beans.factory.BeanCreationException: Error creating bean with name 'productDaoMapImpl' defined in file [/home/raj/Documents/spring_stuff/core/04_productapp/target/classes/com/productapp/dao/ProductDaoMapImpl.class]: BeanPostProcessor before instantiation of bean failed; nested exception is java.lang.NoClassDefFoundError: org/aspectj/weaver/tools/PointcutDesignatorHandler
WARN  | 2022-06-30 12:43:11 | [main] support.AbstractApplicationContext (AbstractApplicationContext.java:559) - Exception encountered during context initialization - cancelling refresh attempt: org.springframework.beans.factory.BeanCreationException: Error creating bean with name 'productDaoMapImpl' defined in file [/home/raj/Documents/spring_stuff/core/04_productapp/target/classes/com/productapp/dao/ProductDaoMapImpl.class]: Initialization of bean failed; nested exception is java.lang.IllegalArgumentException: warning no match for this type name: Product [Xlint:invalidAbsoluteTypeName]
INFO  | 2022-06-30 12:49:01 | [main] util.LoggingAspect (LoggingAspect.java:34) - time taken by getall method is:getAll1002 ms
INFO  | 2022-06-30 12:50:47 | [main] util.LoggingAspect (LoggingAspect.java:35) - time taken by getall method is:getAll1002 ms
WARN  | 2022-06-30 12:52:03 | [main] support.AbstractApplicationContext (AbstractApplicationContext.java:559) - Exception encountered during context initialization - cancelling refresh attempt: org.springframework.beans.factory.BeanCreationException: Error creating bean with name 'productDaoMapImpl' defined in file [/home/raj/Documents/spring_stuff/core/04_productapp/target/classes/com/productapp/dao/ProductDaoMapImpl.class]: Initialization of bean failed; nested exception is java.lang.IllegalArgumentException: warning no match for this type name: Product [Xlint:invalidAbsoluteTypeName]
WARN  | 2022-06-30 12:52:21 | [main] support.AbstractApplicationContext (AbstractApplicationContext.java:559) - Exception encountered during context initialization - cancelling refresh attempt: org.springframework.beans.factory.BeanCreationException: Error creating bean with name 'productDaoMapImpl' defined in file [/home/raj/Documents/spring_stuff/core/04_productapp/target/classes/com/productapp/dao/ProductDaoMapImpl.class]: Initialization of bean failed; nested exception is java.lang.IllegalArgumentException: warning no match for this type name: Product [Xlint:invalidAbsoluteTypeName]
INFO  | 2022-06-30 12:55:15 | [main] util.LoggingAspect (LoggingAspect.java:42) - time taken by getall method is: getAll1001 ms
WARN  | 2022-06-30 13:00:45 | [main] support.AbstractApplicationContext (AbstractApplicationContext.java:559) - Exception encountered during context initialization - cancelling refresh attempt: org.springframework.beans.factory.BeanCreationException: Error creating bean with name 'productDaoMapImpl' defined in file [/home/raj/Documents/spring_stuff/core/04_productapp/target/classes/com/productapp/dao/ProductDaoMapImpl.class]: Initialization of bean failed; nested exception is java.lang.IllegalArgumentException: Pointcut is not well-formed: expecting ')' at character position 11
execuion(* com.productapp.service.ProductServiceImpl.getAll(..))
           ^^^

INFO  | 2022-06-30 13:02:39 | [main] util.LoggingAspect (LoggingAspect.java:43) - time taken by getall method is: getAll1000 ms
INFO  | 2022-06-30 13:02:39 | [main] util.LoggingAspect (LoggingAspect.java:43) - time taken by getall method is: getAll2007 ms
INFO  | 2022-06-30 13:03:54 | [main] util.LoggingAspect (LoggingAspect.java:43) - time taken by getall method is: getAll1002 ms
INFO  | 2022-06-30 13:07:00 | [main] util.LoggingAspect (LoggingAspect.java:43) - time taken by getall method is: getAll1002 ms
WARN  | 2022-06-30 13:11:01 | [main] support.AbstractApplicationContext (AbstractApplicationContext.java:559) - Exception encountered during context initialization - cancelling refresh attempt: org.springframework.beans.factory.BeanCreationException: Error creating bean with name 'productDaoMapImpl' defined in file [/home/raj/Documents/spring_stuff/core/04_productapp/target/classes/com/productapp/dao/ProductDaoMapImpl.class]: Initialization of bean failed; nested exception is java.lang.IllegalArgumentException: Pointcut is not well-formed: expecting 'pointcut name' at character position 1
@annoation(MyLogger)
 ^^^^^^^^^

INFO  | 2022-06-30 13:11:47 | [main] util.LoggingAspect (LoggingAspect.java:45) - time taken by getall method is: getAll1002 ms
ERROR | 2022-06-30 13:27:08 | [main] util.LoggingAspect (LoggingAspect.java:32) - some error have occured com.productapp.exception.ProductNotFoundException: product with id 4 is not found
INFO  | 2022-06-30 13:55:39 | [main] util.LoggingAspect (LoggingAspect.java:51) - time taken by getall method is: getAll1286 ms
INFO  | 2022-06-30 14:52:09 | [main] util.LoggingAspect (LoggingAspect.java:51) - time taken by getall method is: getAll1306 ms
WARN  | 2022-07-01 11:11:00 | [main] support.AbstractApplicationContext (AbstractApplicationContext.java:559) - Exception encountered during context initialization - cancelling refresh attempt: org.springframework.beans.factory.UnsatisfiedDependencyException: Error creating bean with name 'productDaoImpl' defined in file [/home/raj/Documents/spring_stuff/core/12_productapp_hibernate_xml/target/classes/com/productapp/dao/ProductDaoImpl.class]: Unsatisfied dependency expressed through constructor parameter 0; nested exception is org.springframework.beans.factory.BeanCreationException: Error creating bean with name 'sf' defined in class path resource [products.xml]: Cannot resolve reference to bean 'ds' while setting bean property 'dataSource'; nested exception is org.springframework.beans.factory.NoSuchBeanDefinitionException: No bean named 'ds' available
WARN  | 2022-07-01 11:12:00 | [main] support.AbstractApplicationContext (AbstractApplicationContext.java:559) - Exception encountered during context initialization - cancelling refresh attempt: org.springframework.beans.factory.UnsatisfiedDependencyException: Error creating bean with name 'productDaoImpl' defined in file [/home/raj/Documents/spring_stuff/core/12_productapp_hibernate_xml/target/classes/com/productapp/dao/ProductDaoImpl.class]: Unsatisfied dependency expressed through constructor parameter 0; nested exception is org.springframework.beans.factory.BeanCreationException: Error creating bean with name 'sf' defined in class path resource [products.xml]: Invocation of init method failed; nested exception is java.lang.NoClassDefFoundError: javax/xml/bind/JAXBException
INFO  | 2022-07-01 11:15:19 | [main] hibernate.Version (Version.java:45) - HHH000412: Hibernate Core {5.2.9.Final}
INFO  | 2022-07-01 11:15:19 | [main] cfg.Environment (Environment.java:213) - HHH000206: hibernate.properties not found
INFO  | 2022-07-01 11:15:19 | [main] java.JavaReflectionManager (JavaReflectionManager.java:66) - HCANN000001: Hibernate Commons Annotations {5.0.1.Final}
INFO  | 2022-07-01 11:15:19 | [main] dialect.Dialect (Dialect.java:157) - HHH000400: Using dialect: org.hibernate.dialect.MySQL57Dialect
WARN  | 2022-07-01 11:15:20 | [main] support.AbstractApplicationContext (AbstractApplicationContext.java:559) - Exception encountered during context initialization - cancelling refresh attempt: org.springframework.beans.factory.UnsatisfiedDependencyException: Error creating bean with name 'productDaoImpl' defined in file [/home/raj/Documents/spring_stuff/core/12_productapp_hibernate_xml/target/classes/com/productapp/dao/ProductDaoImpl.class]: Unsatisfied dependency expressed through constructor parameter 0; nested exception is org.springframework.beans.factory.BeanCreationException: Error creating bean with name 'sf' defined in class path resource [products.xml]: Invocation of init method failed; nested exception is org.hibernate.MappingException: Could not get constructor for org.hibernate.persister.entity.SingleTableEntityPersister
INFO  | 2022-07-01 11:17:25 | [main] hibernate.Version (Version.java:45) - HHH000412: Hibernate Core {5.2.9.Final}
INFO  | 2022-07-01 11:17:25 | [main] cfg.Environment (Environment.java:213) - HHH000206: hibernate.properties not found
INFO  | 2022-07-01 11:17:25 | [main] java.JavaReflectionManager (JavaReflectionManager.java:66) - HCANN000001: Hibernate Commons Annotations {5.0.1.Final}
INFO  | 2022-07-01 11:17:26 | [main] dialect.Dialect (Dialect.java:157) - HHH000400: Using dialect: org.hibernate.dialect.MySQL57Dialect
INFO  | 2022-07-01 11:17:28 | [main] internal.QueryTranslatorFactoryInitiator (QueryTranslatorFactoryInitiator.java:47) - HHH000397: Using ASTQueryTranslatorFactory
ERROR | 2022-07-01 11:17:28 | [main] util.LoggingAspect (LoggingAspect.java:32) - some error have occured java.lang.IllegalArgumentException: org.hibernate.hql.internal.ast.QuerySyntaxException: Product is not mapped [select p from Product p]
INFO  | 2022-07-01 11:18:00 | [main] hibernate.Version (Version.java:45) - HHH000412: Hibernate Core {5.2.9.Final}
INFO  | 2022-07-01 11:18:00 | [main] cfg.Environment (Environment.java:213) - HHH000206: hibernate.properties not found
INFO  | 2022-07-01 11:18:00 | [main] java.JavaReflectionManager (JavaReflectionManager.java:66) - HCANN000001: Hibernate Commons Annotations {5.0.1.Final}
INFO  | 2022-07-01 11:18:01 | [main] dialect.Dialect (Dialect.java:157) - HHH000400: Using dialect: org.hibernate.dialect.MySQL57Dialect
INFO  | 2022-07-01 11:18:02 | [main] internal.QueryTranslatorFactoryInitiator (QueryTranslatorFactoryInitiator.java:47) - HHH000397: Using ASTQueryTranslatorFactory
ERROR | 2022-07-01 11:18:02 | [main] util.LoggingAspect (LoggingAspect.java:32) - some error have occured java.lang.IllegalArgumentException: org.hibernate.hql.internal.ast.QuerySyntaxException: Product is not mapped [select p from Product p]
INFO  | 2022-07-01 11:19:35 | [main] hibernate.Version (Version.java:45) - HHH000412: Hibernate Core {5.2.9.Final}
INFO  | 2022-07-01 11:19:35 | [main] cfg.Environment (Environment.java:213) - HHH000206: hibernate.properties not found
INFO  | 2022-07-01 11:19:35 | [main] java.JavaReflectionManager (JavaReflectionManager.java:66) - HCANN000001: Hibernate Commons Annotations {5.0.1.Final}
INFO  | 2022-07-01 11:19:35 | [main] dialect.Dialect (Dialect.java:157) - HHH000400: Using dialect: org.hibernate.dialect.MySQL57Dialect
INFO  | 2022-07-01 11:19:37 | [main] internal.QueryTranslatorFactoryInitiator (QueryTranslatorFactoryInitiator.java:47) - HHH000397: Using ASTQueryTranslatorFactory
ERROR | 2022-07-01 11:19:37 | [main] util.LoggingAspect (LoggingAspect.java:32) - some error have occured java.lang.IllegalArgumentException: org.hibernate.hql.internal.ast.QuerySyntaxException: Product is not mapped [from Product]
INFO  | 2022-07-01 11:20:29 | [main] hibernate.Version (Version.java:45) - HHH000412: Hibernate Core {5.2.9.Final}
INFO  | 2022-07-01 11:20:29 | [main] cfg.Environment (Environment.java:213) - HHH000206: hibernate.properties not found
INFO  | 2022-07-01 11:20:29 | [main] java.JavaReflectionManager (JavaReflectionManager.java:66) - HCANN000001: Hibernate Commons Annotations {5.0.1.Final}
INFO  | 2022-07-01 11:20:29 | [main] dialect.Dialect (Dialect.java:157) - HHH000400: Using dialect: org.hibernate.dialect.MySQL57Dialect
INFO  | 2022-07-01 11:20:31 | [main] internal.QueryTranslatorFactoryInitiator (QueryTranslatorFactoryInitiator.java:47) - HHH000397: Using ASTQueryTranslatorFactory
ERROR | 2022-07-01 11:20:31 | [main] util.LoggingAspect (LoggingAspect.java:32) - some error have occured java.lang.IllegalArgumentException: org.hibernate.hql.internal.ast.QuerySyntaxException: Product is not mapped [from Product]
INFO  | 2022-07-01 11:21:58 | [main] hibernate.Version (Version.java:45) - HHH000412: Hibernate Core {5.2.9.Final}
INFO  | 2022-07-01 11:21:58 | [main] cfg.Environment (Environment.java:213) - HHH000206: hibernate.properties not found
INFO  | 2022-07-01 11:21:58 | [main] java.JavaReflectionManager (JavaReflectionManager.java:66) - HCANN000001: Hibernate Commons Annotations {5.0.1.Final}
INFO  | 2022-07-01 11:21:58 | [main] dialect.Dialect (Dialect.java:157) - HHH000400: Using dialect: org.hibernate.dialect.MySQL57Dialect
INFO  | 2022-07-01 11:22:00 | [main] internal.QueryTranslatorFactoryInitiator (QueryTranslatorFactoryInitiator.java:47) - HHH000397: Using ASTQueryTranslatorFactory
INFO  | 2022-07-01 11:22:00 | [main] util.LoggingAspect (LoggingAspect.java:51) - time taken by getall method is: getAll1128 ms
INFO  | 2022-07-01 11:22:18 | [main] hibernate.Version (Version.java:45) - HHH000412: Hibernate Core {5.2.9.Final}
INFO  | 2022-07-01 11:22:18 | [main] cfg.Environment (Environment.java:213) - HHH000206: hibernate.properties not found
INFO  | 2022-07-01 11:22:18 | [main] java.JavaReflectionManager (JavaReflectionManager.java:66) - HCANN000001: Hibernate Commons Annotations {5.0.1.Final}
INFO  | 2022-07-01 11:22:19 | [main] dialect.Dialect (Dialect.java:157) - HHH000400: Using dialect: org.hibernate.dialect.MySQL57Dialect
INFO  | 2022-07-01 11:22:20 | [main] internal.QueryTranslatorFactoryInitiator (QueryTranslatorFactoryInitiator.java:47) - HHH000397: Using ASTQueryTranslatorFactory
INFO  | 2022-07-01 11:22:20 | [main] util.LoggingAspect (LoggingAspect.java:51) - time taken by getall method is: getAll1145 ms
INFO  | 2022-07-01 11:24:27 | [main] hibernate.Version (Version.java:45) - HHH000412: Hibernate Core {5.2.9.Final}
INFO  | 2022-07-01 11:24:27 | [main] cfg.Environment (Environment.java:213) - HHH000206: hibernate.properties not found
INFO  | 2022-07-01 11:24:27 | [main] java.JavaReflectionManager (JavaReflectionManager.java:66) - HCANN000001: Hibernate Commons Annotations {5.0.1.Final}
INFO  | 2022-07-01 11:24:27 | [main] dialect.Dialect (Dialect.java:157) - HHH000400: Using dialect: org.hibernate.dialect.MySQL57Dialect
WARN  | 2022-07-01 11:24:28 | [main] spi.SqlExceptionHelper (SqlExceptionHelper.java:129) - SQL Error: 1364, SQLState: HY000
ERROR | 2022-07-01 11:24:28 | [main] spi.SqlExceptionHelper (SqlExceptionHelper.java:131) - Field 'is_available' doesn't have a default value
ERROR | 2022-07-01 11:24:28 | [main] util.LoggingAspect (LoggingAspect.java:32) - some error have occured org.hibernate.exception.GenericJDBCException: could not execute statement
INFO  | 2022-07-01 11:25:16 | [main] hibernate.Version (Version.java:45) - HHH000412: Hibernate Core {5.2.9.Final}
INFO  | 2022-07-01 11:25:16 | [main] cfg.Environment (Environment.java:213) - HHH000206: hibernate.properties not found
INFO  | 2022-07-01 11:25:16 | [main] java.JavaReflectionManager (JavaReflectionManager.java:66) - HCANN000001: Hibernate Commons Annotations {5.0.1.Final}
INFO  | 2022-07-01 11:25:16 | [main] dialect.Dialect (Dialect.java:157) - HHH000400: Using dialect: org.hibernate.dialect.MySQL57Dialect
INFO  | 2022-07-01 11:25:17 | [main] internal.SchemaCreatorImpl (SchemaCreatorImpl.java:489) - HHH000476: Executing import script 'org.hibernate.tool.schema.internal.exec.ScriptSourceInputNonExistentImpl@51bddd98'
INFO  | 2022-07-01 11:25:18 | [main] internal.QueryTranslatorFactoryInitiator (QueryTranslatorFactoryInitiator.java:47) - HHH000397: Using ASTQueryTranslatorFactory
INFO  | 2022-07-01 11:25:18 | [main] util.LoggingAspect (LoggingAspect.java:51) - time taken by getall method is: getAll1123 ms
INFO  | 2022-07-01 11:42:56 | [main] hibernate.Version (Version.java:45) - HHH000412: Hibernate Core {5.2.9.Final}
INFO  | 2022-07-01 11:42:56 | [main] cfg.Environment (Environment.java:213) - HHH000206: hibernate.properties not found
INFO  | 2022-07-01 11:42:56 | [main] java.JavaReflectionManager (JavaReflectionManager.java:66) - HCANN000001: Hibernate Commons Annotations {5.0.1.Final}
INFO  | 2022-07-01 11:42:56 | [main] dialect.Dialect (Dialect.java:157) - HHH000400: Using dialect: org.hibernate.dialect.MySQL57Dialect
INFO  | 2022-07-01 11:42:58 | [main] internal.QueryTranslatorFactoryInitiator (QueryTranslatorFactoryInitiator.java:47) - HHH000397: Using ASTQueryTranslatorFactory
INFO  | 2022-07-01 11:42:58 | [main] util.LoggingAspect (LoggingAspect.java:51) - time taken by getall method is: getAll1109 ms
