INFO  | 2022-06-30 12:19:55 | [main] service.ProductServiceImpl (ProductServiceImpl.java:47) - time taken by getall method is:1001 ms
WARN  | 2022-06-30 12:38:47 | [main] support.AbstractApplicationContext (AbstractApplicationContext.java:559) - Exception encountered during context initialization - cancelling refresh attempt: org.springframework.beans.factory.BeanCreationException: Error creating bean with name 'productDaoMapImpl' defined in file [/home/raj/Documents/spring_stuff/core/04_productapp/target/classes/com/productapp/dao/ProductDaoMapImpl.class]: BeanPostProcessor before instantiation of bean failed; nested exception is java.lang.NoClassDefFoundError: org/aspectj/weaver/tools/PointcutDesignatorHandler
WARN  | 2022-06-30 12:40:33 | [main] support.AbstractApplicationContext (AbstractApplicationContext.java:559) - Exception encountered during context initialization - cancelling refresh attempt: org.springframework.beans.factory.BeanCreationException: Error creating bean with name 'productDaoMapImpl' defined in file [/home/raj/Documents/spring_stuff/core/04_productapp/target/classes/com/productapp/dao/ProductDaoMapImpl.class]: BeanPostProcessor before instantiation of bean failed; nested exception is java.lang.NoClassDefFoundError: org/aspectj/weaver/tools/PointcutDesignatorHandler
WARN  | 2022-06-30 12:42:13 | [main] support.AbstractApplicationContext (AbstractApplicationContext.java:559) - Exception encountered during context initialization - cancelling refresh attempt: org.springframework.beans.factory.BeanCreationException: Error creating bean with name 'productDaoMapImpl' defined in file [/home/raj/Documents/spring_stuff/core/04_productapp/target/classes/com/productapp/dao/ProductDaoMapImpl.class]: BeanPostProcessor before instantiation of bean failed; nested exception is java.lang.NoClassDefFoundError: org/aspectj/weaver/tools/PointcutDesignatorHandler
WARN  | 2022-06-30 12:43:11 | [main] support.AbstractApplicationContext (AbstractApplicationContext.java:559) - Exception encountered during context initialization - cancelling refresh attempt: org.springframework.beans.factory.BeanCreationException: Error creating bean with name 'productDaoMapImpl' defined in file [/home/raj/Documents/spring_stuff/core/04_productapp/target/classes/com/productapp/dao/ProductDaoMapImpl.class]: Initialization of bean failed; nested exception is java.lang.IllegalArgumentException: warning no match for this type name: Product [Xlint:invalidAbsoluteTypeName]
INFO  | 2022-06-30 12:49:01 | [main] util.LoggingAspect (LoggingAspect.java:34) - time taken by getall method is:getAll1002 ms
INFO  | 2022-06-30 12:50:47 | [main] util.LoggingAspect (LoggingAspect.java:35) - time taken by getall method is:getAll1002 ms
WARN  | 2022-06-30 12:52:03 | [main] support.AbstractApplicationContext (AbstractApplicationContext.java:559) - Exception encountered during context initialization - cancelling refresh attempt: org.springframework.beans.factory.BeanCreationException: Error creating bean with name 'productDaoMapImpl' defined in file [/home/raj/Documents/spring_stuff/core/04_productapp/target/classes/com/productapp/dao/ProductDaoMapImpl.class]: Initialization of bean failed; nested exception is java.lang.IllegalArgumentException: warning no match for this type name: Product [Xlint:invalidAbsoluteTypeName]
WARN  | 2022-06-30 12:52:21 | [main] support.AbstractApplicationContext (AbstractApplicationContext.java:559) - Exception encountered during context initialization - cancelling refresh attempt: org.springframework.beans.factory.BeanCreationException: Error creating bean with name 'productDaoMapImpl' defined in file [/home/raj/Documents/spring_stuff/core/04_productapp/target/classes/com/productapp/dao/ProductDaoMapImpl.class]: Initialization of bean failed; nested exception is java.lang.IllegalArgumentException: warning no match for this type name: Product [Xlint:invalidAbsoluteTypeName]
INFO  | 2022-06-30 12:55:15 | [main] util.LoggingAspect (LoggingAspect.java:42) - time taken by getall method is: getAll1001 ms
WARN  | 2022-06-30 13:00:45 | [main] support.AbstractApplicationContext (AbstractApplicationContext.java:559) - Exception encountered during context initialization - cancelling refresh attempt: org.springframework.beans.factory.BeanCreationException: Error creating bean with name 'productDaoMapImpl' defined in file [/home/raj/Documents/spring_stuff/core/04_productapp/target/classes/com/productapp/dao/ProductDaoMapImpl.class]: Initialization of bean failed; nested exception is java.lang.IllegalArgumentException: Pointcut is not well-formed: expecting ')' at character position 11
execuion(* com.productapp.service.ProductServiceImpl.getAll(..))
           ^^^

INFO  | 2022-06-30 13:02:39 | [main] util.LoggingAspect (LoggingAspect.java:43) - time taken by getall method is: getAll1000 ms
INFO  | 2022-06-30 13:02:39 | [main] util.LoggingAspect (LoggingAspect.java:43) - time taken by getall method is: getAll2007 ms
INFO  | 2022-06-30 13:03:54 | [main] util.LoggingAspect (LoggingAspect.java:43) - time taken by getall method is: getAll1002 ms
INFO  | 2022-06-30 13:07:00 | [main] util.LoggingAspect (LoggingAspect.java:43) - time taken by getall method is: getAll1002 ms
WARN  | 2022-06-30 13:11:01 | [main] support.AbstractApplicationContext (AbstractApplicationContext.java:559) - Exception encountered during context initialization - cancelling refresh attempt: org.springframework.beans.factory.BeanCreationException: Error creating bean with name 'productDaoMapImpl' defined in file [/home/raj/Documents/spring_stuff/core/04_productapp/target/classes/com/productapp/dao/ProductDaoMapImpl.class]: Initialization of bean failed; nested exception is java.lang.IllegalArgumentException: Pointcut is not well-formed: expecting 'pointcut name' at character position 1
@annoation(MyLogger)
 ^^^^^^^^^

INFO  | 2022-06-30 13:11:47 | [main] util.LoggingAspect (LoggingAspect.java:45) - time taken by getall method is: getAll1002 ms
ERROR | 2022-06-30 13:27:08 | [main] util.LoggingAspect (LoggingAspect.java:32) - some error have occured com.productapp.exception.ProductNotFoundException: product with id 4 is not found
INFO  | 2022-06-30 13:55:39 | [main] util.LoggingAspect (LoggingAspect.java:51) - time taken by getall method is: getAll1286 ms
INFO  | 2022-06-30 14:04:16 | [main] util.LoggingAspect (LoggingAspect.java:51) - time taken by getall method is: getAll1239 ms
INFO  | 2022-06-30 14:06:26 | [main] util.LoggingAspect (LoggingAspect.java:51) - time taken by getall method is: getAll1284 ms
INFO  | 2022-06-30 14:09:17 | [main] util.LoggingAspect (LoggingAspect.java:51) - time taken by getall method is: getAll1295 ms
